2017-06-15 18:19:26 222
2017-06-14 16:59:26 222
2017-06-15 13:45:44 222
2017-06-14 20:24:47 222
2017-05-26 13:16:01 222
2017-06-15 08:37:21 222
2017-06-15 17:53:29 222
2017-06-15 12:42:14 222
2017-06-15 20:14:36 222
2017-06-15 01:59:22 222
2017-06-15 08:34:31 222
2017-06-13 10:29:17 222
2017-06-15 10:51:42 222
2017-06-14 22:01:03 222
2017-05-31 16:48:37 222
2017-06-13 16:37:48 222
2017-06-15 09:02:21 222
2017-06-15 12:26:28 222
2017-06-15 12:58:29 222
2017-06-15 18:39:39 222
2017-06-15 20:23:33 222
2017-06-14 12:02:08 222
2017-06-14 18:48:01 222
2017-06-15 08:13:21 222
2017-06-15 16:01:43 222
2017-06-15 01:56:09 222
2017-06-15 13:32:34 222
2017-06-15 13:42:09 222
2017-06-13 11:33:13 222
2017-06-14 20:51:21 222
2017-06-14 13:55:13 222
2017-06-15 15:06:21 222
2017-06-15 05:09:12 222
2017-06-14 10:08:55 222
2017-06-15 00:22:47 222
2017-06-15 00:36:18 222
2017-06-15 07:59:06 222
2017-06-14 23:55:36 222
2017-06-15 10:20:47 222
2017-06-14 21:02:46 222
2017-06-14 18:56:36 222
2017-06-12 18:06:33 222
2017-06-15 18:33:58 222
2017-06-15 17:31:39 222
2017-06-14 18:42:59 222
2017-06-15 00:48:08 222
2017-06-13 20:57:57 222
2017-06-15 10:46:45 222
2017-06-15 15:11:50 222
2017-06-14 15:17:48 222
2017-06-15 10:44:33 222
2017-06-14 07:38:12 222
2017-05-06 17:00:37 222
2017-06-15 18:18:05 222
2017-06-15 21:25:28 222
2017-06-15 10:21:09 222
2017-06-14 20:17:35 222
2017-06-14 23:46:25 222
2017-06-14 21:13:41 222
2017-06-15 10:20:53 222
2017-06-15 13:46:54 222
2017-06-15 09:35:35 222
2017-06-15 11:46:25 222
2017-06-14 19:26:57 222
2017-06-15 22:07:42 222
2017-06-14 16:33:56 222
2017-06-15 11:29:53 222
2017-06-15 11:10:52 222
2017-06-14 23:51:11 222
2017-06-15 20:30:19 222
2017-06-15 11:35:39 222
2017-06-15 09:24:53 222
2017-06-15 05:25:45 222
2017-06-14 15:22:45 222
2017-06-14 20:32:50 222
2017-06-15 12:59:13 222
2017-03-31 18:34:35 222
2017-06-15 01:26:41 222
2017-06-14 22:53:12 222
2017-01-29 13:02:00 222
2017-06-14 17:49:09 222
2017-06-15 20:21:36 222
2017-06-15 10:06:35 222
2017-06-15 13:04:05 222
2017-06-14 20:28:03 222
2017-06-14 18:28:12 222
2017-06-14 11:44:22 222
2017-06-13 20:31:10 222
2017-06-15 13:30:04 222
2017-06-13 10:40:32 222
2017-06-15 10:52:14 222
2017-06-15 17:22:51 222
2017-06-15 11:35:42 222
2017-06-15 16:53:37 222
2017-06-14 18:18:31 222
2017-06-14 16:17:09 222
2017-06-15 12:22:23 222
2017-06-15 08:32:12 222
2017-06-15 13:05:08 222
2017-05-31 19:35:51 222
2017-06-14 23:07:24 222
2017-06-15 16:33:45 222
2017-06-15 02:37:01 222
2017-06-15 15:03:45 222
2017-06-15 15:14:39 222
2017-09-24 19:02:24 222
Traceback (most recent call last):
  File "develop_phn.py", line 568, in <module>
    p.get_maxcom_num()
  File "develop_phn.py", line 549, in get_maxcom_num
    daysum = (stbegin - stend).days
TypeError: unsupported operand type(s) for -: 'str' and 'NoneType'
Traceback (most recent call last):
  File "develop_phn.py", line 652, in <module>
    # p.get_data_tag_715(tat,tfl)
  File "develop_phn.py", line 549, in get_maxcom_num
    except :
TypeError: unsupported operand type(s) for -: 'str' and 'NoneType'
Traceback (most recent call last):
  File "develop_phn.py", line 654, in <module>
    p.get_maxcom_num()
  File "develop_phn.py", line 513, in get_maxcom_num
    anchor1 = self.before_some_days(stbegin, 30)
  File "develop_phn.py", line 313, in before_some_days
    return (datetime.datetime.strptime(d, "%Y-%m-%d %H:%M:%S") -
TypeError: strptime() argument 1 must be string, not datetime.datetime
